<?xml version="1.0" encoding="utf-8" standalone="no"?>
<!--This file represents the results of running a test suite-->
<test-results name="C:\Users\Timothy\Projects\nztronix\tape\bin\Release\tape.exe" total="1" errors="0" failures="0" not-run="0" inconclusive="0" ignored="0" skipped="0" invalid="0" date="2010-09-23" time="04:04:44">
  <environment nunit-version="2.5.7.10213" clr-version="2.0.50727.4952" os-version="Microsoft Windows NT 6.1.7600.0" platform="Win32NT" cwd="C:\Program Files (x86)\NUnit 2.5.7\bin\net-2.0" machine-name="BELLE" user="Timothy" user-domain="Belle" />
  <culture-info current-culture="en-NZ" current-uiculture="en-US" />
  <test-suite type="Assembly" name="C:\Users\Timothy\Projects\nztronix\tape\bin\Release\tape.exe" executed="True" result="Success" success="True" time="0.053" asserts="0">
    <results>
      <test-suite type="Namespace" name="tape" executed="True" result="Success" success="True" time="0.041" asserts="0">
        <results>
          <test-suite type="TestFixture" name="TapeConverter" executed="True" result="Success" success="True" time="0.030" asserts="0">
            <results>
              <test-case name="tape.TapeConverter.TestMe" executed="True" result="Success" success="True" time="0.015" asserts="0" />
            </results>
          </test-suite>
        </results>
      </test-suite>
    </results>
  </test-suite>
</test-results>