<?xml version="1.0" encoding="utf-8" standalone="no"?>
<!--This file represents the results of running a test suite-->
<test-results name="C:\Users\Timothy\Projects\nztronix\test\bin\Release\test.exe" total="13" errors="0" failures="0" not-run="0" inconclusive="0" ignored="0" skipped="0" invalid="0" date="2010-09-23" time="04:41:50">
  <environment nunit-version="2.5.7.10213" clr-version="2.0.50727.4952" os-version="Microsoft Windows NT 6.1.7600.0" platform="Win32NT" cwd="C:\Program Files (x86)\NUnit 2.5.7\bin\net-2.0" machine-name="BELLE" user="Timothy" user-domain="Belle" />
  <culture-info current-culture="en-NZ" current-uiculture="en-US" />
  <test-suite type="Assembly" name="C:\Users\Timothy\Projects\nztronix\test\bin\Release\test.exe" executed="True" result="Success" success="True" time="0.219" asserts="0">
    <results>
      <test-suite type="Namespace" name="test" executed="True" result="Success" success="True" time="0.210" asserts="0">
        <results>
          <test-suite type="Namespace" name="data" executed="True" result="Success" success="True" time="0.075" asserts="0">
            <results>
              <test-suite type="TestFixture" name="BinaryDataTest" executed="True" result="Success" success="True" time="0.049" asserts="0">
                <results>
                  <test-case name="test.data.BinaryDataTest.TestEnumerator" executed="True" result="Success" success="True" time="0.035" asserts="10" />
                </results>
              </test-suite>
              <test-suite type="TestFixture" name="ByteDataTest" executed="True" result="Success" success="True" time="0.009" asserts="0">
                <results>
                  <test-case name="test.data.ByteDataTest.TestConversion" executed="True" result="Success" success="True" time="0.009" asserts="3" />
                </results>
              </test-suite>
              <test-suite type="TestFixture" name="SoundDataTest" executed="True" result="Success" success="True" time="0.009" asserts="0">
                <results>
                  <test-case name="test.data.SoundDataTest.TestData" executed="True" result="Success" success="True" time="0.007" asserts="1" />
                  <test-case name="test.data.SoundDataTest.TestEnumerator" executed="True" result="Success" success="True" time="0.001" asserts="10" />
                </results>
              </test-suite>
            </results>
          </test-suite>
          <test-suite type="Namespace" name="io" executed="True" result="Success" success="True" time="0.049" asserts="0">
            <results>
              <test-suite type="TestFixture" name="AudioReaderTest" executed="True" result="Success" success="True" time="0.010" asserts="0">
                <results>
                  <test-case name="test.io.AudioReaderTest.TestCassette" executed="True" result="Success" success="True" time="0.002" asserts="0" />
                  <test-case name="test.io.AudioReaderTest.TestRead" executed="True" result="Success" success="True" time="0.004" asserts="1" />
                </results>
              </test-suite>
              <test-suite type="TestFixture" name="AudioWriterTest" executed="True" result="Success" success="True" time="0.027" asserts="0">
                <results>
                  <test-case name="test.io.AudioWriterTest.TestWrite" executed="True" result="Success" success="True" time="0.027" asserts="44102" />
                </results>
              </test-suite>
              <test-suite type="TestFixture" name="FileWriterTest" executed="True" result="Success" success="True" time="0.005" asserts="0">
                <results>
                  <test-case name="test.io.FileWriterTest.TestWrite" executed="True" result="Success" success="True" time="0.005" asserts="6" />
                </results>
              </test-suite>
            </results>
          </test-suite>
          <test-suite type="Namespace" name="pipeline" executed="True" result="Success" success="True" time="0.081" asserts="0">
            <results>
              <test-suite type="TestFixture" name="AmplitudeAnalyzerTest" executed="True" result="Success" success="True" time="0.069" asserts="0">
                <results>
                  <test-case name="test.pipeline.AmplitudeAnalyzerTest.TestChunking" executed="True" result="Success" success="True" time="0.038" asserts="16003" />
                </results>
              </test-suite>
              <test-suite type="TestFixture" name="AudioRecorderTest" executed="True" result="Success" success="True" time="0.001" asserts="0">
                <results>
                  <test-case name="test.pipeline.AudioRecorderTest.TestInput" executed="True" result="Success" success="True" time="0.000" asserts="0" />
                </results>
              </test-suite>
              <test-suite type="TestFixture" name="FrequencyAnalyzerTest" executed="True" result="Success" success="True" time="0.006" asserts="0">
                <results>
                  <test-case name="test.pipeline.FrequencyAnalyzerTest.TestBadData" executed="True" result="Success" success="True" time="0.002" asserts="0" />
                  <test-case name="test.pipeline.FrequencyAnalyzerTest.TestGoodData" executed="True" result="Success" success="True" time="0.001" asserts="4" />
                  <test-case name="test.pipeline.FrequencyAnalyzerTest.TestLowQualityData" executed="True" result="Success" success="True" time="0.001" asserts="2" />
                </results>
              </test-suite>
            </results>
          </test-suite>
        </results>
      </test-suite>
    </results>
  </test-suite>
</test-results>